<?xml version="1.0" encoding="UTF-8"?>
<!-- Generated by org.testng.reporters.JUnitReportReporter -->
<testsuite hostname="DESKTOP-7LGPRPJ" failures="0" tests="1" name="smokeTests.filterProductFunctionality" time="3.523" errors="0" timestamp="2024-01-31T20:56:02 EET" skipped="0">
  <testcase classname="smokeTests.filterProductFunctionality" name="filterProduct" time="3.523"/>
  <system-out/>
</testsuite> <!-- smokeTests.filterProductFunctionality -->
