<?xml version="1.0" encoding="UTF-8"?>
<!-- Generated by org.testng.reporters.JUnitReportReporter -->
<testsuite hostname="DESKTOP-7LGPRPJ" failures="0" tests="1" name="smokeTests.filterProductFunctionality" time="4.293" errors="0" timestamp="2024-02-04T14:53:38 EET" skipped="0">
  <testcase classname="smokeTests.filterProductFunctionality" name="filterProduct" time="4.293"/>
  <system-out/>
</testsuite> <!-- smokeTests.filterProductFunctionality -->
