<?xml version="1.0" encoding="UTF-8"?>
<!-- Generated by org.testng.reporters.JUnitReportReporter -->
<testsuite hostname="DESKTOP-7LGPRPJ" failures="0" tests="1" name="smokeTests.loginPage" time="3.406" errors="0" timestamp="2024-02-07T19:15:59 EET" skipped="0">
  <testcase classname="smokeTests.loginPage" name="login" time="3.406"/>
  <system-out/>
</testsuite> <!-- smokeTests.loginPage -->
