<?xml version="1.0" encoding="UTF-8"?>
<!-- Generated by org.testng.reporters.JUnitReportReporter -->
<testsuite hostname="DESKTOP-7LGPRPJ" failures="0" tests="3" name="smokeTests.testcases" time="12.100" errors="0" timestamp="2024-02-07T21:11:21 EET" skipped="2">
  <testcase classname="smokeTests.testcases" name="addProductToCompare" time="12.100"/>
  <system-out/>
  <testcase classname="smokeTests.testcases" name="addUnavailableProducttoCart">
    <skipped/>
  </testcase> <!-- addUnavailableProducttoCart -->
  <system-out/>
  <testcase classname="smokeTests.testcases" name="printNameOfEvenProducts">
    <skipped/>
  </testcase> <!-- printNameOfEvenProducts -->
  <system-out/>
</testsuite> <!-- smokeTests.testcases -->
